<?xml version="1.0" encoding="UTF-8"?>
<!-- Generated by org.testng.reporters.JUnitReportReporter -->
<testsuite hostname="DESKTOP-BR92LNL" failures="0" tests="1" name="Testcases.Tc_RgisterPatient" time="5.568" errors="0" timestamp="2024-11-14T22:11:52 IST" skipped="0">
  <testcase classname="Testcases.Tc_RgisterPatient" name="Login" time="5.568"/>
  <system-out/>
</testsuite> <!-- Testcases.Tc_RgisterPatient -->
