<?xml version="1.0" encoding="UTF-8"?>
<!-- Generated by org.testng.reporters.JUnitReportReporter -->
<testsuite hostname="DESKTOP-BR92LNL" failures="0" tests="1" name="Testcases.Tc_Login" time="1.078" errors="0" timestamp="2024-11-14T17:42:33 IST" skipped="0">
  <testcase classname="Testcases.Tc_Login" name="LoginTest" time="1.078"/>
  <system-out/>
</testsuite> <!-- Testcases.Tc_Login -->
