<?xml version="1.0" encoding="UTF-8"?>
<!-- Generated by org.testng.reporters.JUnitReportReporter -->
<testsuite hostname="DESKTOP-BR92LNL" failures="0" tests="1" name="Testcases.Tc_Dashboard" time="4.796" errors="0" timestamp="2024-11-14T21:59:22 IST" skipped="0">
  <testcase classname="Testcases.Tc_Dashboard" name="Logintest1" time="4.796"/>
  <system-out/>
</testsuite> <!-- Testcases.Tc_Dashboard -->
